[debug] [2020-10-19T09:57:09.217Z] ----------------------------------------------------------------------
[debug] [2020-10-19T09:57:09.230Z] Command:       C:\Program Files\nodejs\node.exe C:\Users\RajaShekar Gangula\AppData\Roaming\npm\node_modules\firebase-tools\lib\bin\firebase.js init
[debug] [2020-10-19T09:57:09.232Z] CLI Version:   8.12.1
[debug] [2020-10-19T09:57:09.233Z] Platform:      win32
[debug] [2020-10-19T09:57:09.233Z] Node Version:  v12.18.3
[debug] [2020-10-19T09:57:09.242Z] Time:          Mon Oct 19 2020 11:57:09 GMT+0200 (Central European Summer Time)
[debug] [2020-10-19T09:57:09.243Z] ----------------------------------------------------------------------
[debug] [2020-10-19T09:57:09.244Z] 
[debug] [2020-10-19T09:57:09.286Z] > command requires scopes: ["email","openid","https://www.googleapis.com/auth/cloudplatformprojects.readonly","https://www.googleapis.com/auth/firebase","https://www.googleapis.com/auth/cloud-platform"]
[debug] [2020-10-19T09:57:09.289Z] > authorizing via signed-in user
[info] 
     ######## #### ########  ######## ########     ###     ######  ########
     ##        ##  ##     ## ##       ##     ##  ##   ##  ##       ##
     ######    ##  ########  ######   ########  #########  ######  ######
     ##        ##  ##    ##  ##       ##     ## ##     ##       ## ##
     ##       #### ##     ## ######## ########  ##     ##  ######  ########

You're about to initialize a Firebase project in this directory:

  C:\Users\RajaShekar Gangula\Documents\Jyothi EUF\React Practice\whatsApp_clone\whatsapp

[info] 
=== Project Setup
[info] 
[info] First, let's associate this project directory with a Firebase project.
[info] You can create multiple project aliases by running firebase use --add, 
[info] but for now we'll just set up a default project.
[info] 
[debug] [2020-10-19T10:00:33.439Z] ----------------------------------------------------------------------
[debug] [2020-10-19T10:00:33.448Z] Command:       C:\Program Files\nodejs\node.exe C:\Users\RajaShekar Gangula\AppData\Roaming\npm\node_modules\firebase-tools\lib\bin\firebase.js init
[debug] [2020-10-19T10:00:33.449Z] CLI Version:   8.12.1
[debug] [2020-10-19T10:00:33.449Z] Platform:      win32
[debug] [2020-10-19T10:00:33.450Z] Node Version:  v12.18.3
[debug] [2020-10-19T10:00:33.456Z] Time:          Mon Oct 19 2020 12:00:33 GMT+0200 (Central European Summer Time)
[debug] [2020-10-19T10:00:33.457Z] ----------------------------------------------------------------------
[debug] [2020-10-19T10:00:33.457Z] 
[debug] [2020-10-19T10:00:33.495Z] > command requires scopes: ["email","openid","https://www.googleapis.com/auth/cloudplatformprojects.readonly","https://www.googleapis.com/auth/firebase","https://www.googleapis.com/auth/cloud-platform"]
[debug] [2020-10-19T10:00:33.497Z] > authorizing via signed-in user
[info] 
     ######## #### ########  ######## ########     ###     ######  ########
     ##        ##  ##     ## ##       ##     ##  ##   ##  ##       ##
     ######    ##  ########  ######   ########  #########  ######  ######
     ##        ##  ##    ##  ##       ##     ## ##     ##       ## ##
     ##       #### ##     ## ######## ########  ##     ##  ######  ########

You're about to initialize a Firebase project in this directory:

  C:\Users\RajaShekar Gangula\Documents\Jyothi EUF\React Practice\whatsApp_clone\whatsapp

[info] 
=== Project Setup
[info] 
[info] First, let's associate this project directory with a Firebase project.
[info] You can create multiple project aliases by running firebase use --add, 
[info] but for now we'll just set up a default project.
[info] 
[debug] [2020-10-19T10:01:05.230Z] > refreshing access token with scopes: ["email","https://www.googleapis.com/auth/cloud-platform","https://www.googleapis.com/auth/cloudplatformprojects.readonly","https://www.googleapis.com/auth/firebase","openid"]
[debug] [2020-10-19T10:01:05.232Z] >>> HTTP REQUEST POST https://www.googleapis.com/oauth2/v3/token  
 <request body omitted>
[debug] [2020-10-19T10:01:05.627Z] <<< HTTP RESPONSE 200 {"expires":"Mon, 01 Jan 1990 00:00:00 GMT","cache-control":"no-cache, no-store, max-age=0, must-revalidate","date":"Mon, 19 Oct 2020 10:01:04 GMT","pragma":"no-cache","content-type":"application/json; charset=utf-8","vary":"X-Origin, Referer, Origin,Accept-Encoding","server":"scaffolding on HTTPServer2","x-xss-protection":"0","x-frame-options":"SAMEORIGIN","x-content-type-options":"nosniff","alt-svc":"h3-Q050=\":443\"; ma=2592000,h3-29=\":443\"; ma=2592000,h3-27=\":443\"; ma=2592000,h3-T051=\":443\"; ma=2592000,h3-T050=\":443\"; ma=2592000,h3-Q046=\":443\"; ma=2592000,h3-Q043=\":443\"; ma=2592000,quic=\":443\"; ma=2592000; v=\"46,43\"","accept-ranges":"none","transfer-encoding":"chunked"}
[debug] [2020-10-19T10:01:05.737Z] >>> HTTP REQUEST GET https://firebase.googleapis.com/v1beta1/projects?pageSize=100  
 
[debug] [2020-10-19T10:01:06.106Z] <<< HTTP RESPONSE 200 {"content-type":"application/json; charset=UTF-8","vary":"X-Origin, Referer, Origin,Accept-Encoding","date":"Mon, 19 Oct 2020 10:01:05 GMT","server":"ESF","cache-control":"private","x-xss-protection":"0","x-frame-options":"SAMEORIGIN","x-content-type-options":"nosniff","alt-svc":"h3-Q050=\":443\"; ma=2592000,h3-29=\":443\"; ma=2592000,h3-27=\":443\"; ma=2592000,h3-T051=\":443\"; ma=2592000,h3-T050=\":443\"; ma=2592000,h3-Q046=\":443\"; ma=2592000,h3-Q043=\":443\"; ma=2592000,quic=\":443\"; ma=2592000; v=\"46,43\"","accept-ranges":"none","transfer-encoding":"chunked"}
[info] i  Using project whatsapp-4d050 (WhatsApp) 
[info] 
=== Hosting Setup
[info] 
[info] Your public directory is the folder (relative to your project directory) that
[info] will contain Hosting assets to be uploaded with firebase deploy. If you
[info] have a build process for your assets, use your build's output directory.
[info] 
